<?xml version="1.0" encoding="UTF-8"?>
<testsuite name="com.brooks.poker.ui.input.UserInputTest" tests="2" skipped="0" failures="0" errors="0" timestamp="2020-10-25T21:55:27" hostname="TREV" time="0.285">
  <properties/>
  <testcase name="convert to user input result is valid" classname="com.brooks.poker.ui.input.UserInputTest" time="0.28"/>
  <testcase name="convert bet amount is valid or zero" classname="com.brooks.poker.ui.input.UserInputTest" time="0.005"/>
  <system-out><![CDATA[]]></system-out>
  <system-err><![CDATA[]]></system-err>
</testsuite>
