<?xml version="1.0" encoding="UTF-8"?>
<testsuite name="com.brooks.poker.util.EnumPrinterTest" tests="1" skipped="0" failures="0" errors="0" timestamp="2020-10-25T21:55:25" hostname="TREV" time="0.0">
  <properties/>
  <testcase name="testConvert" classname="com.brooks.poker.util.EnumPrinterTest" time="0.0"/>
  <system-out><![CDATA[]]></system-out>
  <system-err><![CDATA[]]></system-err>
</testsuite>
