<?xml version="1.0" encoding="UTF-8"?>
<testsuite name="com.brooks.poker.game.data.pot.PotResultTest" tests="3" skipped="0" failures="0" errors="0" timestamp="2020-10-25T21:55:25" hostname="TREV" time="0.003">
  <properties/>
  <testcase name="testSplitEvenPot" classname="com.brooks.poker.game.data.pot.PotResultTest" time="0.002"/>
  <testcase name="testSplitUnevenPot" classname="com.brooks.poker.game.data.pot.PotResultTest" time="0.0"/>
  <testcase name="testResolvePot" classname="com.brooks.poker.game.data.pot.PotResultTest" time="0.001"/>
  <system-out><![CDATA[]]></system-out>
  <system-err><![CDATA[]]></system-err>
</testsuite>
