<?xml version="1.0" encoding="UTF-8"?>
<testsuite name="com.brooks.poker.game.states.GameStateFactoryTest" tests="1" skipped="0" failures="0" errors="0" timestamp="2020-10-25T21:55:25" hostname="TREV" time="0.002">
  <properties/>
  <testcase name="testInstantiated" classname="com.brooks.poker.game.states.GameStateFactoryTest" time="0.002"/>
  <system-out><![CDATA[]]></system-out>
  <system-err><![CDATA[]]></system-err>
</testsuite>
