<?xml version="1.0" encoding="UTF-8"?>
<testsuite name="com.brooks.poker.game.data.TableTest" tests="5" skipped="0" failures="0" errors="0" timestamp="2020-10-25T21:55:25" hostname="TREV" time="0.002">
  <properties/>
  <testcase name="testExecuteOnActivePlayers" classname="com.brooks.poker.game.data.TableTest" time="0.001"/>
  <testcase name="testGetNextActivePlayer" classname="com.brooks.poker.game.data.TableTest" time="0.0"/>
  <testcase name="testExecuteOnEachPlayer" classname="com.brooks.poker.game.data.TableTest" time="0.0"/>
  <testcase name="testMakeNextPlayerDealer" classname="com.brooks.poker.game.data.TableTest" time="0.001"/>
  <testcase name="testRandomizeDealer" classname="com.brooks.poker.game.data.TableTest" time="0.0"/>
  <system-out><![CDATA[]]></system-out>
  <system-err><![CDATA[]]></system-err>
</testsuite>
